<?xml version="1.0" encoding="utf-8"?><testsuites name="pytest tests"><testsuite name="pytest" errors="0" failures="0" skipped="0" tests="17" time="4.933" timestamp="2026-06-24T14:22:18.006488+00:00" hostname="agent-env-2445ee6b-12c6-47c7-8a23-6da70ce219c7"><testcase classname="backend.tests.test_sicarios_api" name="test_api_root" time="0.270" /><testcase classname="backend.tests.test_sicarios_api" name="test_demo_login_empty_username" time="0.106" /><testcase classname="backend.tests.test_sicarios_api" name="test_auth_me_requires_token" time="0.137" /><testcase classname="backend.tests.test_sicarios_api" name="test_auth_me_with_token" time="0.209" /><testcase classname="backend.tests.test_sicarios_api" name="test_admin_role" time="0.000" /><testcase classname="backend.tests.test_sicarios_api" name="test_member_role" time="0.093" /><testcase classname="backend.tests.test_sicarios_api" name="test_discord_url" time="0.104" /><testcase classname="backend.tests.test_sicarios_api" name="test_pontaj_crud_and_permissions" time="0.730" /><testcase classname="backend.tests.test_sicarios_api" name="test_jafuri_invalid_type" time="0.099" /><testcase classname="backend.tests.test_sicarios_api" name="test_jafuri_crud" time="0.321" /><testcase classname="backend.tests.test_sicarios_api" name="test_loterie_member_forbidden" time="0.104" /><testcase classname="backend.tests.test_sicarios_api" name="test_loterie_admin_create_and_revenue" time="0.386" /><testcase classname="backend.tests.test_sicarios_api" name="test_tasks_admin_only_create_and_toggle" time="0.633" /><testcase classname="backend.tests.test_sicarios_api" name="test_fonduri_aggregation" time="0.821" /><testcase classname="backend.tests.test_sicarios_api" name="test_dashboard" time="0.145" /><testcase classname="backend.tests.test_sicarios_api" name="test_rapoarte" time="0.101" /><testcase classname="backend.tests.test_sicarios_api" name="test_members_list_and_role_perms" time="0.511" /></testsuite></testsuites>