<?xml version="1.0" encoding="utf-8"?><testsuites name="pytest tests"><testsuite name="pytest" errors="0" failures="0" skipped="0" tests="21" time="5.709" timestamp="2026-06-24T14:51:15.957528+00:00" hostname="agent-env-2445ee6b-12c6-47c7-8a23-6da70ce219c7"><testcase classname="backend.tests.test_sicarios_api" name="test_api_root" time="0.262" /><testcase classname="backend.tests.test_sicarios_api" name="test_demo_login_empty_username" time="0.111" /><testcase classname="backend.tests.test_sicarios_api" name="test_auth_me_requires_token" time="0.111" /><testcase classname="backend.tests.test_sicarios_api" name="test_auth_me_with_token" time="0.298" /><testcase classname="backend.tests.test_sicarios_api" name="test_boss_role" time="0.000" /><testcase classname="backend.tests.test_sicarios_api" name="test_sicarios_default_role" time="0.099" /><testcase classname="backend.tests.test_sicarios_api" name="test_role_change_invalid" time="0.101" /><testcase classname="backend.tests.test_sicarios_api" name="test_role_change_non_boss_forbidden" time="0.093" /><testcase classname="backend.tests.test_sicarios_api" name="test_role_change_loterie_role_forbidden" time="0.420" /><testcase classname="backend.tests.test_sicarios_api" name="test_boss_can_change_role" time="0.199" /><testcase classname="backend.tests.test_sicarios_api" name="test_members_list" time="0.104" /><testcase classname="backend.tests.test_sicarios_api" name="test_jafuri_loterie_role_forbidden" time="0.202" /><testcase classname="backend.tests.test_sicarios_api" name="test_jafuri_invalid_type" time="0.106" /><testcase classname="backend.tests.test_sicarios_api" name="test_jafuri_crud_with_participants" time="0.370" /><testcase classname="backend.tests.test_sicarios_api" name="test_tasks_loterie_forbidden" time="0.208" /><testcase classname="backend.tests.test_sicarios_api" name="test_tasks_crud_and_done_by" time="0.392" /><testcase classname="backend.tests.test_sicarios_api" name="test_loterie_new_schema_all_roles_can_create" time="0.959" /><testcase classname="backend.tests.test_sicarios_api" name="test_fonduri_loterie_total_aggregation" time="0.788" /><testcase classname="backend.tests.test_sicarios_api" name="test_dashboard_includes_loterie_total" time="0.105" /><testcase classname="backend.tests.test_sicarios_api" name="test_rapoarte" time="0.093" /><testcase classname="backend.tests.test_sicarios_api" name="test_loterie_role_can_access_allowed_modules" time="0.612" /></testsuite></testsuites>